<?xml version="1.0" encoding="UTF-8"?>
<testng-results ignored="0" total="1" passed="1" failed="0" skipped="0">
  <reporter-output>
  </reporter-output>
  <suite started-at="2025-01-25T18:21:01 GMT+05:00" name="GitHub Test Suite" finished-at="2025-01-25T18:21:24 GMT+05:00" duration-ms="23762">
    <groups>
    </groups>
    <test started-at="2025-01-25T18:21:01 GMT+05:00" name="GitHub Test" finished-at="2025-01-25T18:21:24 GMT+05:00" duration-ms="23762">
      <class name="com.github.test.GitHubTests">
        <test-method is-config="true" signature="setup()[pri:0, instance:com.github.test.GitHubTests@29a0cdb]" started-at="2025-01-25T18:21:01 GMT+05:00" name="setup" finished-at="2025-01-25T18:21:02 GMT+05:00" duration-ms="1622" status="PASS">
          <reporter-output>
          </reporter-output>
        </test-method> <!-- setup -->
        <test-method signature="searchGitHub()[pri:0, instance:com.github.test.GitHubTests@29a0cdb]" started-at="2025-01-25T18:21:02 GMT+05:00" name="searchGitHub" finished-at="2025-01-25T18:21:24 GMT+05:00" duration-ms="21827" status="PASS">
          <reporter-output>
          </reporter-output>
        </test-method> <!-- searchGitHub -->
        <test-method is-config="true" signature="tearDown()[pri:0, instance:com.github.test.GitHubTests@29a0cdb]" started-at="2025-01-25T18:21:24 GMT+05:00" name="tearDown" finished-at="2025-01-25T18:21:24 GMT+05:00" duration-ms="299" status="PASS">
          <reporter-output>
          </reporter-output>
        </test-method> <!-- tearDown -->
      </class> <!-- com.github.test.GitHubTests -->
    </test> <!-- GitHub Test -->
  </suite> <!-- GitHub Test Suite -->
</testng-results>
